[06-Sep-2024 21:41:20 UTC] PHP Fatal error:  Uncaught Error: Call to undefined function get_field() in /home/srv157755/dadonov.ru/wp-content/themes/twentytwentyfour/functions.php:334
Stack trace:
#0 /home/srv157755/dadonov.ru/wp-includes/class-wp-hook.php(326): add_svg_icons_to_menu()
#1 /home/srv157755/dadonov.ru/wp-includes/plugin.php(205): WP_Hook->apply_filters()
#2 /home/srv157755/dadonov.ru/wp-includes/nav-menu-template.php(234): apply_filters()
#3 /home/srv157755/dadonov.ru/wp-content/themes/twentytwentyfour/patterns/left-menu.php(47): wp_nav_menu()
#4 /home/srv157755/dadonov.ru/wp-includes/class-wp-block-patterns-registry.php(203): include('...')
#5 /home/srv157755/dadonov.ru/wp-includes/class-wp-block-patterns-registry.php(224): WP_Block_Patterns_Registry->get_content()
#6 /home/srv157755/dadonov.ru/wp-includes/blocks/pattern.php(58): WP_Block_Patterns_Registry->get_registered()
#7 /home/srv157755/dadonov.ru/wp-includes/class-wp-block.php(519): render_block_core_pattern()
#8 /home/srv157755/dadonov.ru/wp-includes/blocks.php(2061): WP_Block->render()
#9 /home/srv157755/dadonov.ru/wp-includes/blocks.php(2113): render_block()
#10 /home/srv157755/dadonov.ru/wp-includes/blocks/template-part.php(154): do_blocks()
#11 /home/srv157755/dadonov.ru/wp-includes/class-wp-block.php(519): render_block_core_template_part()
#12 /home/srv157755/dadonov.ru/wp-includes/blocks.php(2061): WP_Block->render()
#13 /home/srv157755/dadonov.ru/wp-includes/blocks.php(2113): render_block()
#14 /home/srv157755/dadonov.ru/wp-includes/block-template.php(260): do_blocks()
#15 /home/srv157755/dadonov.ru/wp-includes/template-canvas.php(12): get_the_block_template_html()
#16 /home/srv157755/dadonov.ru/wp-includes/template-loader.php(106): include('...')
#17 /home/srv157755/dadonov.ru/wp-blog-header.php(19): require_once('...')
#18 /home/srv157755/dadonov.ru/index.php(17): require('...')
#19 {main}
  thrown in /home/srv157755/dadonov.ru/wp-content/themes/twentytwentyfour/functions.php on line 334
[06-Sep-2024 21:41:21 UTC] PHP Fatal error:  Uncaught Error: Call to undefined function get_field() in /home/srv157755/dadonov.ru/wp-content/themes/twentytwentyfour/functions.php:334
Stack trace:
#0 /home/srv157755/dadonov.ru/wp-includes/class-wp-hook.php(326): add_svg_icons_to_menu()
#1 /home/srv157755/dadonov.ru/wp-includes/plugin.php(205): WP_Hook->apply_filters()
#2 /home/srv157755/dadonov.ru/wp-includes/nav-menu-template.php(234): apply_filters()
#3 /home/srv157755/dadonov.ru/wp-content/themes/twentytwentyfour/patterns/left-menu.php(47): wp_nav_menu()
#4 /home/srv157755/dadonov.ru/wp-includes/class-wp-block-patterns-registry.php(203): include('...')
#5 /home/srv157755/dadonov.ru/wp-includes/class-wp-block-patterns-registry.php(224): WP_Block_Patterns_Registry->get_content()
#6 /home/srv157755/dadonov.ru/wp-includes/blocks/pattern.php(58): WP_Block_Patterns_Registry->get_registered()
#7 /home/srv157755/dadonov.ru/wp-includes/class-wp-block.php(519): render_block_core_pattern()
#8 /home/srv157755/dadonov.ru/wp-includes/blocks.php(2061): WP_Block->render()
#9 /home/srv157755/dadonov.ru/wp-includes/blocks.php(2113): render_block()
#10 /home/srv157755/dadonov.ru/wp-includes/blocks/template-part.php(154): do_blocks()
#11 /home/srv157755/dadonov.ru/wp-includes/class-wp-block.php(519): render_block_core_template_part()
#12 /home/srv157755/dadonov.ru/wp-includes/blocks.php(2061): WP_Block->render()
#13 /home/srv157755/dadonov.ru/wp-includes/blocks.php(2113): render_block()
#14 /home/srv157755/dadonov.ru/wp-includes/block-template.php(260): do_blocks()
#15 /home/srv157755/dadonov.ru/wp-includes/template-canvas.php(12): get_the_block_template_html()
#16 /home/srv157755/dadonov.ru/wp-includes/template-loader.php(106): include('...')
#17 /home/srv157755/dadonov.ru/wp-blog-header.php(19): require_once('...')
#18 /home/srv157755/dadonov.ru/index.php(17): require('...')
#19 {main}
  thrown in /home/srv157755/dadonov.ru/wp-content/themes/twentytwentyfour/functions.php on line 334
[06-Sep-2024 21:41:22 UTC] PHP Fatal error:  Uncaught Error: Call to undefined function get_field() in /home/srv157755/dadonov.ru/wp-content/themes/twentytwentyfour/functions.php:334
Stack trace:
#0 /home/srv157755/dadonov.ru/wp-includes/class-wp-hook.php(326): add_svg_icons_to_menu()
#1 /home/srv157755/dadonov.ru/wp-includes/plugin.php(205): WP_Hook->apply_filters()
#2 /home/srv157755/dadonov.ru/wp-includes/nav-menu-template.php(234): apply_filters()
#3 /home/srv157755/dadonov.ru/wp-content/themes/twentytwentyfour/patterns/left-menu.php(47): wp_nav_menu()
#4 /home/srv157755/dadonov.ru/wp-includes/class-wp-block-patterns-registry.php(203): include('...')
#5 /home/srv157755/dadonov.ru/wp-includes/class-wp-block-patterns-registry.php(224): WP_Block_Patterns_Registry->get_content()
#6 /home/srv157755/dadonov.ru/wp-includes/blocks/pattern.php(58): WP_Block_Patterns_Registry->get_registered()
#7 /home/srv157755/dadonov.ru/wp-includes/class-wp-block.php(519): render_block_core_pattern()
#8 /home/srv157755/dadonov.ru/wp-includes/blocks.php(2061): WP_Block->render()
#9 /home/srv157755/dadonov.ru/wp-includes/blocks.php(2113): render_block()
#10 /home/srv157755/dadonov.ru/wp-includes/blocks/template-part.php(154): do_blocks()
#11 /home/srv157755/dadonov.ru/wp-includes/class-wp-block.php(519): render_block_core_template_part()
#12 /home/srv157755/dadonov.ru/wp-includes/blocks.php(2061): WP_Block->render()
#13 /home/srv157755/dadonov.ru/wp-includes/blocks.php(2113): render_block()
#14 /home/srv157755/dadonov.ru/wp-includes/block-template.php(260): do_blocks()
#15 /home/srv157755/dadonov.ru/wp-includes/template-canvas.php(12): get_the_block_template_html()
#16 /home/srv157755/dadonov.ru/wp-includes/template-loader.php(106): include('...')
#17 /home/srv157755/dadonov.ru/wp-blog-header.php(19): require_once('...')
#18 /home/srv157755/dadonov.ru/index.php(17): require('...')
#19 {main}
  thrown in /home/srv157755/dadonov.ru/wp-content/themes/twentytwentyfour/functions.php on line 334
[06-Sep-2024 21:41:23 UTC] PHP Fatal error:  Uncaught Error: Call to undefined function get_field() in /home/srv157755/dadonov.ru/wp-content/themes/twentytwentyfour/functions.php:334
Stack trace:
#0 /home/srv157755/dadonov.ru/wp-includes/class-wp-hook.php(326): add_svg_icons_to_menu()
#1 /home/srv157755/dadonov.ru/wp-includes/plugin.php(205): WP_Hook->apply_filters()
#2 /home/srv157755/dadonov.ru/wp-includes/nav-menu-template.php(234): apply_filters()
#3 /home/srv157755/dadonov.ru/wp-content/themes/twentytwentyfour/patterns/left-menu.php(47): wp_nav_menu()
#4 /home/srv157755/dadonov.ru/wp-includes/class-wp-block-patterns-registry.php(203): include('...')
#5 /home/srv157755/dadonov.ru/wp-includes/class-wp-block-patterns-registry.php(224): WP_Block_Patterns_Registry->get_content()
#6 /home/srv157755/dadonov.ru/wp-includes/blocks/pattern.php(58): WP_Block_Patterns_Registry->get_registered()
#7 /home/srv157755/dadonov.ru/wp-includes/class-wp-block.php(519): render_block_core_pattern()
#8 /home/srv157755/dadonov.ru/wp-includes/blocks.php(2061): WP_Block->render()
#9 /home/srv157755/dadonov.ru/wp-includes/blocks.php(2113): render_block()
#10 /home/srv157755/dadonov.ru/wp-includes/blocks/template-part.php(154): do_blocks()
#11 /home/srv157755/dadonov.ru/wp-includes/class-wp-block.php(519): render_block_core_template_part()
#12 /home/srv157755/dadonov.ru/wp-includes/blocks.php(2061): WP_Block->render()
#13 /home/srv157755/dadonov.ru/wp-includes/blocks.php(2113): render_block()
#14 /home/srv157755/dadonov.ru/wp-includes/block-template.php(260): do_blocks()
#15 /home/srv157755/dadonov.ru/wp-includes/template-canvas.php(12): get_the_block_template_html()
#16 /home/srv157755/dadonov.ru/wp-includes/template-loader.php(106): include('...')
#17 /home/srv157755/dadonov.ru/wp-blog-header.php(19): require_once('...')
#18 /home/srv157755/dadonov.ru/index.php(17): require('...')
#19 {main}
  thrown in /home/srv157755/dadonov.ru/wp-content/themes/twentytwentyfour/functions.php on line 334
[06-Sep-2024 21:41:26 UTC] PHP Fatal error:  Uncaught Error: Call to undefined function get_field() in /home/srv157755/dadonov.ru/wp-content/themes/twentytwentyfour/functions.php:334
Stack trace:
#0 /home/srv157755/dadonov.ru/wp-includes/class-wp-hook.php(326): add_svg_icons_to_menu()
#1 /home/srv157755/dadonov.ru/wp-includes/plugin.php(205): WP_Hook->apply_filters()
#2 /home/srv157755/dadonov.ru/wp-includes/nav-menu-template.php(234): apply_filters()
#3 /home/srv157755/dadonov.ru/wp-content/themes/twentytwentyfour/patterns/left-menu.php(47): wp_nav_menu()
#4 /home/srv157755/dadonov.ru/wp-includes/class-wp-block-patterns-registry.php(203): include('...')
#5 /home/srv157755/dadonov.ru/wp-includes/class-wp-block-patterns-registry.php(224): WP_Block_Patterns_Registry->get_content()
#6 /home/srv157755/dadonov.ru/wp-includes/blocks/pattern.php(58): WP_Block_Patterns_Registry->get_registered()
#7 /home/srv157755/dadonov.ru/wp-includes/class-wp-block.php(519): render_block_core_pattern()
#8 /home/srv157755/dadonov.ru/wp-includes/blocks.php(2061): WP_Block->render()
#9 /home/srv157755/dadonov.ru/wp-includes/blocks.php(2113): render_block()
#10 /home/srv157755/dadonov.ru/wp-includes/blocks/template-part.php(154): do_blocks()
#11 /home/srv157755/dadonov.ru/wp-includes/class-wp-block.php(519): render_block_core_template_part()
#12 /home/srv157755/dadonov.ru/wp-includes/blocks.php(2061): WP_Block->render()
#13 /home/srv157755/dadonov.ru/wp-includes/blocks.php(2113): render_block()
#14 /home/srv157755/dadonov.ru/wp-includes/block-template.php(260): do_blocks()
#15 /home/srv157755/dadonov.ru/wp-includes/template-canvas.php(12): get_the_block_template_html()
#16 /home/srv157755/dadonov.ru/wp-includes/template-loader.php(106): include('...')
#17 /home/srv157755/dadonov.ru/wp-blog-header.php(19): require_once('...')
#18 /home/srv157755/dadonov.ru/index.php(17): require('...')
#19 {main}
  thrown in /home/srv157755/dadonov.ru/wp-content/themes/twentytwentyfour/functions.php on line 334
